# JRE version: OpenJDK Runtime Environment Temurin-21.0.10+7 (21.0.10+7) (build 21.0.10+7-LTS)
# Java VM: OpenJDK 64-Bit Server VM Temurin-21.0.10+7 (21.0.10+7-LTS, mixed mode, sharing, tiered, compressed oops, compressed class ptrs, parallel gc, windows-amd64)
GC Precious Log:
 CardTable entry size: 512
 CPUs: 8 total, 8 available
 Memory: 8030M
 Large Page Support: Disabled
 NUMA Support: Disabled
 Compressed Oops: Enabled (32-bit)
 Alignments: Space 512K, Generation 512K, Heap 2M
 Heap Min Capacity: 100M
 Heap Initial Capacity: 100M
 Heap Max Capacity: 2G
 Pre-touch: Disabled
 Parallel Workers: 8
Heap:
 PSYoungGen      total 2560K, used 2232K [0x00000000d5580000, 0x00000000d5900000, 0x0000000100000000)
  eden space 2048K, 99% used [0x00000000d5580000,0x00000000d577e338,0x00000000d5780000)
  from space 512K, 37% used [0x00000000d5880000,0x00000000d58b0000,0x00000000d5900000)
  to   space 512K, 0% used [0x00000000d5780000,0x00000000d5780000,0x00000000d5800000)
 ParOldGen       total 287744K, used 287101K [0x0000000080000000, 0x0000000091900000, 0x00000000d5580000)
  object space 287744K, 99% used [0x0000000080000000,0x000000009185f538,0x0000000091900000)
 Metaspace       used 73864K, committed 75584K, reserved 1179648K
  class space    used 7559K, committed 8320K, reserved 1048576K
GC Heap History (20 events):
Event: 1588.500 GC heap before
{Heap before GC invocations=491 (full 3):
 PSYoungGen      total 2560K, used 2324K [0x00000000d5580000, 0x00000000d5900000, 0x0000000100000000)
  eden space 2048K, 100% used [0x00000000d5580000,0x00000000d5780000,0x00000000d5780000)
  from space 512K, 54% used [0x00000000d5780000,0x00000000d57c5200,0x00000000d5800000)
  to   space 512K, 0% used [0x00000000d5880000,0x00000000d5880000,0x00000000d5900000)
 ParOldGen       total 256000K, used 255947K [0x0000000080000000, 0x000000008fa00000, 0x00000000d5580000)
  object space 256000K, 99% used [0x0000000080000000,0x000000008f9f2d18,0x000000008fa00000)
 Metaspace       used 73805K, committed 75520K, reserved 1179648K
  class space    used 7558K, committed 8320K, reserved 1048576K
}
Event: 1588.503 GC heap after
{Heap after GC invocations=491 (full 3):
 PSYoungGen      total 2560K, used 256K [0x00000000d5580000, 0x00000000d5900000, 0x0000000100000000)
  eden space 2048K, 0% used [0x00000000d5580000,0x00000000d5580000,0x00000000d5780000)
  from space 512K, 50% used [0x00000000d5880000,0x00000000d58c0000,0x00000000d5900000)
  to   space 512K, 0% used [0x00000000d5780000,0x00000000d5780000,0x00000000d5800000)
 ParOldGen       total 256000K, used 255987K [0x0000000080000000, 0x000000008fa00000, 0x00000000d5580000)
  object space 256000K, 99% used [0x0000000080000000,0x000000008f9fcd18,0x000000008fa00000)
 Metaspace       used 73805K, committed 75520K, reserved 1179648K
  class space    used 7558K, committed 8320K, reserved 1048576K
}
Event: 1588.555 GC heap before
{Heap before GC invocations=492 (full 3):
 PSYoungGen      total 2560K, used 2303K [0x00000000d5580000, 0x00000000d5900000, 0x0000000100000000)
  eden space 2048K, 99% used [0x00000000d5580000,0x00000000d577fff8,0x00000000d5780000)
  from space 512K, 50% used [0x00000000d5880000,0x00000000d58c0000,0x00000000d5900000)
  to   space 512K, 0% used [0x00000000d5780000,0x00000000d5780000,0x00000000d5800000)
 ParOldGen       total 275968K, used 275189K [0x0000000080000000, 0x0000000090d80000, 0x00000000d5580000)
  object space 275968K, 99% used [0x0000000080000000,0x0000000090cbd518,0x0000000090d80000)
 Metaspace       used 73811K, committed 75520K, reserved 1179648K
  class space    used 7559K, committed 8320K, reserved 1048576K
}
Event: 1588.559 GC heap after
{Heap after GC invocations=492 (full 3):
 PSYoungGen      total 2560K, used 272K [0x00000000d5580000, 0x00000000d5900000, 0x0000000100000000)
  eden space 2048K, 0% used [0x00000000d5580000,0x00000000d5580000,0x00000000d5780000)
  from space 512K, 53% used [0x00000000d5780000,0x00000000d57c4010,0x00000000d5800000)
  to   space 512K, 0% used [0x00000000d5880000,0x00000000d5880000,0x00000000d5900000)
 ParOldGen       total 275968K, used 275261K [0x0000000080000000, 0x0000000090d80000, 0x00000000d5580000)
  object space 275968K, 99% used [0x0000000080000000,0x0000000090ccf528,0x0000000090d80000)
 Metaspace       used 73811K, committed 75520K, reserved 1179648K
  class space    used 7559K, committed 8320K, reserved 1048576K
}
Event: 1588.644 GC heap before
{Heap before GC invocations=493 (full 3):
 PSYoungGen      total 2560K, used 2320K [0x00000000d5580000, 0x00000000d5900000, 0x0000000100000000)
  eden space 2048K, 100% used [0x00000000d5580000,0x00000000d5780000,0x00000000d5780000)
  from space 512K, 53% used [0x00000000d5780000,0x00000000d57c4010,0x00000000d5800000)
  to   space 512K, 0% used [0x00000000d5880000,0x00000000d5880000,0x00000000d5900000)
 ParOldGen       total 287744K, used 286781K [0x0000000080000000, 0x0000000091900000, 0x00000000d5580000)
  object space 287744K, 99% used [0x0000000080000000,0x000000009180f538,0x0000000091900000)
 Metaspace       used 73819K, committed 75520K, reserved 1179648K
  class space    used 7559K, committed 8320K, reserved 1048576K
}
Event: 1588.649 GC heap after
{Heap after GC invocations=493 (full 3):
 PSYoungGen      total 2560K, used 250K [0x00000000d5580000, 0x00000000d5900000, 0x0000000100000000)
  eden space 2048K, 0% used [0x00000000d5580000,0x00000000d5580000,0x00000000d5780000)
  from space 512K, 48% used [0x00000000d5880000,0x00000000d58be900,0x00000000d5900000)
  to   space 512K, 0% used [0x00000000d5780000,0x00000000d5780000,0x00000000d5800000)
 ParOldGen       total 287744K, used 286813K [0x0000000080000000, 0x0000000091900000, 0x00000000d5580000)
  object space 287744K, 99% used [0x0000000080000000,0x0000000091817538,0x0000000091900000)
 Metaspace       used 73819K, committed 75520K, reserved 1179648K
  class space    used 7559K, committed 8320K, reserved 1048576K
}
Event: 1588.687 GC heap before
{Heap before GC invocations=494 (full 3):
 PSYoungGen      total 2560K, used 2298K [0x00000000d5580000, 0x00000000d5900000, 0x0000000100000000)
  eden space 2048K, 100% used [0x00000000d5580000,0x00000000d5780000,0x00000000d5780000)
  from space 512K, 48% used [0x00000000d5880000,0x00000000d58be900,0x00000000d5900000)
  to   space 512K, 0% used [0x00000000d5780000,0x00000000d5780000,0x00000000d5800000)
 ParOldGen       total 287744K, used 286813K [0x0000000080000000, 0x0000000091900000, 0x00000000d5580000)
  object space 287744K, 99% used [0x0000000080000000,0x0000000091817538,0x0000000091900000)
 Metaspace       used 73823K, committed 75520K, reserved 1179648K
  class space    used 7559K, committed 8320K, reserved 1048576K
}
Event: 1588.690 GC heap after
{Heap after GC invocations=494 (full 3):
 PSYoungGen      total 2560K, used 218K [0x00000000d5580000, 0x00000000d5900000, 0x0000000100000000)
  eden space 2048K, 0% used [0x00000000d5580000,0x00000000d5580000,0x00000000d5780000)
  from space 512K, 42% used [0x00000000d5780000,0x00000000d57b6900,0x00000000d5800000)
  to   space 512K, 0% used [0x00000000d5880000,0x00000000d5880000,0x00000000d5900000)
 ParOldGen       total 287744K, used 286845K [0x0000000080000000, 0x0000000091900000, 0x00000000d5580000)
  object space 287744K, 99% used [0x0000000080000000,0x000000009181f538,0x0000000091900000)
 Metaspace       used 73823K, committed 75520K, reserved 1179648K
  class space    used 7559K, committed 8320K, reserved 1048576K
}
Event: 1588.753 GC heap before
{Heap before GC invocations=495 (full 3):
 PSYoungGen      total 2560K, used 2266K [0x00000000d5580000, 0x00000000d5900000, 0x0000000100000000)
  eden space 2048K, 100% used [0x00000000d5580000,0x00000000d5780000,0x00000000d5780000)
  from space 512K, 42% used [0x00000000d5780000,0x00000000d57b6900,0x00000000d5800000)
  to   space 512K, 0% used [0x00000000d5880000,0x00000000d5880000,0x00000000d5900000)
 ParOldGen       total 287744K, used 286845K [0x0000000080000000, 0x0000000091900000, 0x00000000d5580000)
  object space 287744K, 99% used [0x0000000080000000,0x000000009181f538,0x0000000091900000)
 Metaspace       used 73825K, committed 75520K, reserved 1179648K
  class space    used 7559K, committed 8320K, reserved 1048576K
}
Event: 1588.755 GC heap after
{Heap after GC invocations=495 (full 3):
 PSYoungGen      total 2560K, used 308K [0x00000000d5580000, 0x00000000d5900000, 0x0000000100000000)
  eden space 2048K, 0% used [0x00000000d5580000,0x00000000d5580000,0x00000000d5780000)
  from space 512K, 60% used [0x00000000d5880000,0x00000000d58cd200,0x00000000d5900000)
  to   space 512K, 0% used [0x00000000d5780000,0x00000000d5780000,0x00000000d5800000)
 ParOldGen       total 287744K, used 286901K [0x0000000080000000, 0x0000000091900000, 0x00000000d5580000)
  object space 287744K, 99% used [0x0000000080000000,0x000000009182d538,0x0000000091900000)
 Metaspace       used 73825K, committed 75520K, reserved 1179648K
  class space    used 7559K, committed 8320K, reserved 1048576K
}
Event: 1588.801 GC heap before
{Heap before GC invocations=496 (full 3):
 PSYoungGen      total 2560K, used 2356K [0x00000000d5580000, 0x00000000d5900000, 0x0000000100000000)
  eden space 2048K, 100% used [0x00000000d5580000,0x00000000d5780000,0x00000000d5780000)
  from space 512K, 60% used [0x00000000d5880000,0x00000000d58cd200,0x00000000d5900000)
  to   space 512K, 0% used [0x00000000d5780000,0x00000000d5780000,0x00000000d5800000)
 ParOldGen       total 287744K, used 286901K [0x0000000080000000, 0x0000000091900000, 0x00000000d5580000)
  object space 287744K, 99% used [0x0000000080000000,0x000000009182d538,0x0000000091900000)
 Metaspace       used 73829K, committed 75520K, reserved 1179648K
  class space    used 7559K, committed 8320K, reserved 1048576K
}
Event: 1588.804 GC heap after
{Heap after GC invocations=496 (full 3):
 PSYoungGen      total 2560K, used 218K [0x00000000d5580000, 0x00000000d5900000, 0x0000000100000000)
  eden space 2048K, 0% used [0x00000000d5580000,0x00000000d5580000,0x00000000d5780000)
  from space 512K, 42% used [0x00000000d5780000,0x00000000d57b6900,0x00000000d5800000)
  to   space 512K, 0% used [0x00000000d5880000,0x00000000d5880000,0x00000000d5900000)
 ParOldGen       total 287744K, used 286941K [0x0000000080000000, 0x0000000091900000, 0x00000000d5580000)
  object space 287744K, 99% used [0x0000000080000000,0x0000000091837538,0x0000000091900000)
 Metaspace       used 73829K, committed 75520K, reserved 1179648K
  class space    used 7559K, committed 8320K, reserved 1048576K
}
Event: 1588.832 GC heap before
{Heap before GC invocations=497 (full 3):
 PSYoungGen      total 2560K, used 2266K [0x00000000d5580000, 0x00000000d5900000, 0x0000000100000000)
  eden space 2048K, 100% used [0x00000000d5580000,0x00000000d5780000,0x00000000d5780000)
  from space 512K, 42% used [0x00000000d5780000,0x00000000d57b6900,0x00000000d5800000)
  to   space 512K, 0% used [0x00000000d5880000,0x00000000d5880000,0x00000000d5900000)
 ParOldGen       total 287744K, used 286941K [0x0000000080000000, 0x0000000091900000, 0x00000000d5580000)
  object space 287744K, 99% used [0x0000000080000000,0x0000000091837538,0x0000000091900000)
 Metaspace       used 73831K, committed 75520K, reserved 1179648K
  class space    used 7559K, committed 8320K, reserved 1048576K
}
Event: 1588.835 GC heap after
{Heap after GC invocations=497 (full 3):
 PSYoungGen      total 2560K, used 282K [0x00000000d5580000, 0x00000000d5900000, 0x0000000100000000)
  eden space 2048K, 0% used [0x00000000d5580000,0x00000000d5580000,0x00000000d5780000)
  from space 512K, 55% used [0x00000000d5880000,0x00000000d58c6900,0x00000000d5900000)
  to   space 512K, 0% used [0x00000000d5780000,0x00000000d5780000,0x00000000d5800000)
 ParOldGen       total 287744K, used 286997K [0x0000000080000000, 0x0000000091900000, 0x00000000d5580000)
  object space 287744K, 99% used [0x0000000080000000,0x0000000091845538,0x0000000091900000)
 Metaspace       used 73831K, committed 75520K, reserved 1179648K
  class space    used 7559K, committed 8320K, reserved 1048576K
}
Event: 1588.890 GC heap before
{Heap before GC invocations=498 (full 3):
 PSYoungGen      total 2560K, used 2330K [0x00000000d5580000, 0x00000000d5900000, 0x0000000100000000)
  eden space 2048K, 100% used [0x00000000d5580000,0x00000000d5780000,0x00000000d5780000)
  from space 512K, 55% used [0x00000000d5880000,0x00000000d58c6900,0x00000000d5900000)
  to   space 512K, 0% used [0x00000000d5780000,0x00000000d5780000,0x00000000d5800000)
 ParOldGen       total 287744K, used 286997K [0x0000000080000000, 0x0000000091900000, 0x00000000d5580000)
  object space 287744K, 99% used [0x0000000080000000,0x0000000091845538,0x0000000091900000)
 Metaspace       used 73835K, committed 75520K, reserved 1179648K
  class space    used 7559K, committed 8320K, reserved 1048576K
}
Event: 1588.892 GC heap after
{Heap after GC invocations=498 (full 3):
 PSYoungGen      total 2560K, used 224K [0x00000000d5580000, 0x00000000d5900000, 0x0000000100000000)
  eden space 2048K, 0% used [0x00000000d5580000,0x00000000d5580000,0x00000000d5780000)
  from space 512K, 43% used [0x00000000d5780000,0x00000000d57b8000,0x00000000d5800000)
  to   space 512K, 0% used [0x00000000d5880000,0x00000000d5880000,0x00000000d5900000)
 ParOldGen       total 287744K, used 287021K [0x0000000080000000, 0x0000000091900000, 0x00000000d5580000)
  object space 287744K, 99% used [0x0000000080000000,0x000000009184b538,0x0000000091900000)
 Metaspace       used 73835K, committed 75520K, reserved 1179648K
  class space    used 7559K, committed 8320K, reserved 1048576K
}
Event: 1588.933 GC heap before
{Heap before GC invocations=499 (full 3):
 PSYoungGen      total 2560K, used 2271K [0x00000000d5580000, 0x00000000d5900000, 0x0000000100000000)
  eden space 2048K, 99% used [0x00000000d5580000,0x00000000d577ffe0,0x00000000d5780000)
  from space 512K, 43% used [0x00000000d5780000,0x00000000d57b8000,0x00000000d5800000)
  to   space 512K, 0% used [0x00000000d5880000,0x00000000d5880000,0x00000000d5900000)
 ParOldGen       total 287744K, used 287021K [0x0000000080000000, 0x0000000091900000, 0x00000000d5580000)
  object space 287744K, 99% used [0x0000000080000000,0x000000009184b538,0x0000000091900000)
 Metaspace       used 73836K, committed 75520K, reserved 1179648K
  class space    used 7559K, committed 8320K, reserved 1048576K
}
Event: 1588.935 GC heap after
{Heap after GC invocations=499 (full 3):
 PSYoungGen      total 2560K, used 192K [0x00000000d5580000, 0x00000000d5900000, 0x0000000100000000)
  eden space 2048K, 0% used [0x00000000d5580000,0x00000000d5580000,0x00000000d5780000)
  from space 512K, 37% used [0x00000000d5880000,0x00000000d58b0000,0x00000000d5900000)
  to   space 512K, 0% used [0x00000000d5780000,0x00000000d5780000,0x00000000d5800000)
 ParOldGen       total 287744K, used 287045K [0x0000000080000000, 0x0000000091900000, 0x00000000d5580000)
  object space 287744K, 99% used [0x0000000080000000,0x0000000091851538,0x0000000091900000)
 Metaspace       used 73836K, committed 75520K, reserved 1179648K
  class space    used 7559K, committed 8320K, reserved 1048576K
}
Event: 1588.969 GC heap before
{Heap before GC invocations=500 (full 3):
 PSYoungGen      total 2560K, used 2240K [0x00000000d5580000, 0x00000000d5900000, 0x0000000100000000)
  eden space 2048K, 100% used [0x00000000d5580000,0x00000000d5780000,0x00000000d5780000)
  from space 512K, 37% used [0x00000000d5880000,0x00000000d58b0000,0x00000000d5900000)
  to   space 512K, 0% used [0x00000000d5780000,0x00000000d5780000,0x00000000d5800000)
 ParOldGen       total 287744K, used 287045K [0x0000000080000000, 0x0000000091900000, 0x00000000d5580000)
  object space 287744K, 99% used [0x0000000080000000,0x0000000091851538,0x0000000091900000)
 Metaspace       used 73839K, committed 75520K, reserved 1179648K
  class space    used 7559K, committed 8320K, reserved 1048576K
}
Event: 1588.971 GC heap after
{Heap after GC invocations=500 (full 3):
 PSYoungGen      total 2560K, used 256K [0x00000000d5580000, 0x00000000d5900000, 0x0000000100000000)
  eden space 2048K, 0% used [0x00000000d5580000,0x00000000d5580000,0x00000000d5780000)
  from space 512K, 50% used [0x00000000d5780000,0x00000000d57c0000,0x00000000d5800000)
  to   space 512K, 0% used [0x00000000d5880000,0x00000000d5880000,0x00000000d5900000)
 ParOldGen       total 287744K, used 287085K [0x0000000080000000, 0x0000000091900000, 0x00000000d5580000)
  object space 287744K, 99% used [0x0000000080000000,0x000000009185b538,0x0000000091900000)
 Metaspace       used 73839K, committed 75520K, reserved 1179648K
  class space    used 7559K, committed 8320K, reserved 1048576K
}

